2024-04-13 23:43:29.260 [main] INFO  p.i.o.s.CalculationServiceImpl:35 - Installments calculation start
2024-04-13 23:43:29.275 [main] INFO  p.i.o.s.ConstantAmountsCalculationServiceImpl:21 - InterestPercent: [0.1598]
2024-04-13 23:43:29.275 [main] INFO  p.i.o.s.ConstantAmountsCalculationServiceImpl:24 - ResidualAmount: [8354.07]
2024-04-13 23:43:29.275 [main] INFO  p.i.o.s.ConstantAmountsCalculationServiceImpl:28 - PreviousPaymentDate: [2022-11-20]
2024-04-13 23:43:29.275 [main] INFO  p.i.o.s.ConstantAmountsCalculationServiceImpl:31 - CurrentPaymentDate: [2022-12-20]
2024-04-13 23:43:29.275 [main] INFO  p.i.o.s.ConstantAmountsCalculationServiceImpl:36 - InterestAmount: [111.25]
2024-04-13 23:43:29.275 [main] INFO  p.i.o.s.ConstantAmountsCalculationServiceImpl:39 - Q: [1.0133166667]
2024-04-13 23:43:29.275 [main] INFO  p.i.o.s.ConstantAmountsCalculationServiceImpl:44 - InstallmentAmountWithoutCommission: [704.11]
2024-04-13 23:43:29.275 [main] INFO  p.i.o.s.ConstantAmountsCalculationServiceImpl:49 - CapitalAmount: [592.86]
2024-04-13 23:43:29.275 [main] INFO  p.i.o.s.ConstantAmountsCalculationServiceImpl:53 - CommissionAmount: [0.0]
2024-04-13 23:43:29.275 [main] INFO  p.i.o.s.ConstantAmountsCalculationServiceImpl:57 - InstallmentAmount: [704.11]
2024-04-13 23:43:29.275 [main] INFO  p.i.o.s.ConstantAmountsCalculationServiceImpl:60 - Calculated installment: [1], residualAmount: [8354.07], interestAmount: [111.25], capitalAmount: [592.86], installmentAmount: [704.11], commissionAmount: [0.0]
2024-04-13 23:43:29.275 [main] INFO  p.i.o.s.ConstantAmountsCalculationServiceImpl:72 - CurrentInstallmentNumber: [2]
2024-04-13 23:43:29.275 [main] INFO  p.i.o.s.ConstantAmountsCalculationServiceImpl:75 - WiborPercent: [0.0599]
2024-04-13 23:43:29.275 [main] INFO  p.i.o.s.ConstantAmountsCalculationServiceImpl:78 - interestPercent: [0.1598]
2024-04-13 23:43:29.275 [main] INFO  p.i.o.s.ConstantAmountsCalculationServiceImpl:81 - q: [1.0133166667]
2024-04-13 23:43:29.275 [main] INFO  p.i.o.s.ConstantAmountsCalculationServiceImpl:85 - residualAmount: [7761.21]
2024-04-13 23:43:29.275 [main] INFO  p.i.o.s.ConstantAmountsCalculationServiceImpl:89 - previousPaymentDate: [2022-12-20]
2024-04-13 23:43:29.275 [main] INFO  p.i.o.s.ConstantAmountsCalculationServiceImpl:92 - residualAmount: [7761.21]
2024-04-13 23:43:29.275 [main] INFO  p.i.o.s.ConstantAmountsCalculationServiceImpl:97 - interestAmount: [106.80]
2024-04-13 23:43:29.275 [main] INFO  p.i.o.s.ConstantAmountsCalculationServiceImpl:100 - referenceAmount: [8354.07]
2024-04-13 23:43:29.275 [main] INFO  p.i.o.s.ConstantAmountsCalculationServiceImpl:103 - referenceDuration: [13]
2024-04-13 23:43:29.275 [main] INFO  p.i.o.s.ConstantAmountsCalculationServiceImpl:108 - installmentAmountWithoutCommission: [704.11]
2024-04-13 23:43:29.275 [main] INFO  p.i.o.s.ConstantAmountsCalculationServiceImpl:112 - capitalAmount: [597.31]
2024-04-13 23:43:29.275 [main] INFO  p.i.o.s.ConstantAmountsCalculationServiceImpl:115 - commissionAmount: [0.0]
2024-04-13 23:43:29.275 [main] INFO  p.i.o.s.ConstantAmountsCalculationServiceImpl:120 - installmentAmount: [704.11]
2024-04-13 23:43:29.275 [main] INFO  p.i.o.s.ConstantAmountsCalculationServiceImpl:122 - Calculated installment: [2], residualAmount: [7761.21], interestAmount: [106.80], capitalAmount: [597.31], installmentAmount: [704.11], commissionAmount: [0.0], referenceAmount: [8354.07], referenceDuration: [13], WIBOR: [0.0599]
2024-04-13 23:43:29.275 [main] INFO  p.i.o.s.ConstantAmountsCalculationServiceImpl:72 - CurrentInstallmentNumber: [3]
2024-04-13 23:43:29.275 [main] INFO  p.i.o.s.ConstantAmountsCalculationServiceImpl:75 - WiborPercent: [0.0599]
2024-04-13 23:43:29.275 [main] INFO  p.i.o.s.ConstantAmountsCalculationServiceImpl:78 - interestPercent: [0.1598]
2024-04-13 23:43:29.275 [main] INFO  p.i.o.s.ConstantAmountsCalculationServiceImpl:81 - q: [1.0133166667]
2024-04-13 23:43:29.275 [main] INFO  p.i.o.s.ConstantAmountsCalculationServiceImpl:85 - residualAmount: [7163.90]
2024-04-13 23:43:29.275 [main] INFO  p.i.o.s.ConstantAmountsCalculationServiceImpl:89 - previousPaymentDate: [2023-01-20]
2024-04-13 23:43:29.275 [main] INFO  p.i.o.s.ConstantAmountsCalculationServiceImpl:92 - residualAmount: [7163.90]
2024-04-13 23:43:29.275 [main] INFO  p.i.o.s.ConstantAmountsCalculationServiceImpl:97 - interestAmount: [98.58]
2024-04-13 23:43:29.275 [main] INFO  p.i.o.s.ConstantAmountsCalculationServiceImpl:100 - referenceAmount: [8354.07]
2024-04-13 23:43:29.275 [main] INFO  p.i.o.s.ConstantAmountsCalculationServiceImpl:103 - referenceDuration: [13]
2024-04-13 23:43:29.275 [main] INFO  p.i.o.s.ConstantAmountsCalculationServiceImpl:108 - installmentAmountWithoutCommission: [704.11]
2024-04-13 23:43:29.275 [main] INFO  p.i.o.s.ConstantAmountsCalculationServiceImpl:112 - capitalAmount: [605.53]
2024-04-13 23:43:29.275 [main] INFO  p.i.o.s.ConstantAmountsCalculationServiceImpl:115 - commissionAmount: [0.0]
2024-04-13 23:43:29.275 [main] INFO  p.i.o.s.ConstantAmountsCalculationServiceImpl:120 - installmentAmount: [704.11]
2024-04-13 23:43:29.275 [main] INFO  p.i.o.s.ConstantAmountsCalculationServiceImpl:122 - Calculated installment: [3], residualAmount: [7163.90], interestAmount: [98.58], capitalAmount: [605.53], installmentAmount: [704.11], commissionAmount: [0.0], referenceAmount: [8354.07], referenceDuration: [13], WIBOR: [0.0599]
2024-04-13 23:43:29.275 [main] INFO  p.i.o.s.ConstantAmountsCalculationServiceImpl:72 - CurrentInstallmentNumber: [4]
2024-04-13 23:43:29.275 [main] INFO  p.i.o.s.ConstantAmountsCalculationServiceImpl:75 - WiborPercent: [0.0599]
2024-04-13 23:43:29.275 [main] INFO  p.i.o.s.ConstantAmountsCalculationServiceImpl:78 - interestPercent: [0.1598]
2024-04-13 23:43:29.275 [main] INFO  p.i.o.s.ConstantAmountsCalculationServiceImpl:81 - q: [1.0133166667]
2024-04-13 23:43:29.275 [main] INFO  p.i.o.s.ConstantAmountsCalculationServiceImpl:85 - residualAmount: [6558.37]
2024-04-13 23:43:29.275 [main] INFO  p.i.o.s.ConstantAmountsCalculationServiceImpl:89 - previousPaymentDate: [2023-02-20]
2024-04-13 23:43:29.275 [main] INFO  p.i.o.s.ConstantAmountsCalculationServiceImpl:92 - residualAmount: [6558.37]
2024-04-13 23:43:29.275 [main] INFO  p.i.o.s.ConstantAmountsCalculationServiceImpl:97 - interestAmount: [81.51]
2024-04-13 23:43:29.275 [main] INFO  p.i.o.s.ConstantAmountsCalculationServiceImpl:100 - referenceAmount: [8354.07]
2024-04-13 23:43:29.275 [main] INFO  p.i.o.s.ConstantAmountsCalculationServiceImpl:103 - referenceDuration: [13]
2024-04-13 23:43:29.275 [main] INFO  p.i.o.s.ConstantAmountsCalculationServiceImpl:108 - installmentAmountWithoutCommission: [704.11]
2024-04-13 23:43:29.275 [main] INFO  p.i.o.s.ConstantAmountsCalculationServiceImpl:112 - capitalAmount: [622.60]
2024-04-13 23:43:29.275 [main] INFO  p.i.o.s.ConstantAmountsCalculationServiceImpl:115 - commissionAmount: [0.0]
2024-04-13 23:43:29.275 [main] INFO  p.i.o.s.ConstantAmountsCalculationServiceImpl:120 - installmentAmount: [704.11]
2024-04-13 23:43:29.275 [main] INFO  p.i.o.s.ConstantAmountsCalculationServiceImpl:122 - Calculated installment: [4], residualAmount: [6558.37], interestAmount: [81.51], capitalAmount: [622.60], installmentAmount: [704.11], commissionAmount: [0.0], referenceAmount: [8354.07], referenceDuration: [13], WIBOR: [0.0599]
2024-04-13 23:43:29.275 [main] INFO  p.i.o.s.ConstantAmountsCalculationServiceImpl:72 - CurrentInstallmentNumber: [5]
2024-04-13 23:43:29.275 [main] INFO  p.i.o.s.ConstantAmountsCalculationServiceImpl:75 - WiborPercent: [0.1099]
2024-04-13 23:43:29.275 [main] INFO  p.i.o.s.ConstantAmountsCalculationServiceImpl:78 - interestPercent: [0.2098]
2024-04-13 23:43:29.275 [main] INFO  p.i.o.s.ConstantAmountsCalculationServiceImpl:81 - q: [1.0174833333]
2024-04-13 23:43:29.275 [main] INFO  p.i.o.s.ConstantAmountsCalculationServiceImpl:85 - residualAmount: [5935.77]
2024-04-13 23:43:29.275 [main] INFO  p.i.o.s.ConstantAmountsCalculationServiceImpl:89 - previousPaymentDate: [2023-03-20]
2024-04-13 23:43:29.275 [main] INFO  p.i.o.s.ConstantAmountsCalculationServiceImpl:92 - residualAmount: [5935.77]
2024-04-13 23:43:29.275 [main] INFO  p.i.o.s.ConstantAmountsCalculationServiceImpl:97 - interestAmount: [107.24]
2024-04-13 23:43:29.275 [main] INFO  p.i.o.s.ConstantAmountsCalculationServiceImpl:100 - referenceAmount: [8354.07]
2024-04-13 23:43:29.275 [main] INFO  p.i.o.s.ConstantAmountsCalculationServiceImpl:103 - referenceDuration: [13]
2024-04-13 23:43:29.275 [main] INFO  p.i.o.s.ConstantAmountsCalculationServiceImpl:108 - installmentAmountWithoutCommission: [723.99]
2024-04-13 23:43:29.275 [main] INFO  p.i.o.s.ConstantAmountsCalculationServiceImpl:112 - capitalAmount: [616.75]
2024-04-13 23:43:29.275 [main] INFO  p.i.o.s.ConstantAmountsCalculationServiceImpl:115 - commissionAmount: [0.0]
2024-04-13 23:43:29.275 [main] INFO  p.i.o.s.ConstantAmountsCalculationServiceImpl:120 - installmentAmount: [723.99]
2024-04-13 23:43:29.275 [main] INFO  p.i.o.s.ConstantAmountsCalculationServiceImpl:122 - Calculated installment: [5], residualAmount: [5935.77], interestAmount: [107.24], capitalAmount: [616.75], installmentAmount: [723.99], commissionAmount: [0.0], referenceAmount: [8354.07], referenceDuration: [13], WIBOR: [0.1099]
2024-04-13 23:43:29.275 [main] INFO  p.i.o.s.ConstantAmountsCalculationServiceImpl:72 - CurrentInstallmentNumber: [6]
2024-04-13 23:43:29.275 [main] INFO  p.i.o.s.ConstantAmountsCalculationServiceImpl:75 - WiborPercent: [0.1099]
2024-04-13 23:43:29.275 [main] INFO  p.i.o.s.ConstantAmountsCalculationServiceImpl:78 - interestPercent: [0.2098]
2024-04-13 23:43:29.275 [main] INFO  p.i.o.s.ConstantAmountsCalculationServiceImpl:81 - q: [1.0174833333]
2024-04-13 23:43:29.275 [main] INFO  p.i.o.s.ConstantAmountsCalculationServiceImpl:85 - residualAmount: [5319.02]
2024-04-13 23:43:29.275 [main] INFO  p.i.o.s.ConstantAmountsCalculationServiceImpl:89 - previousPaymentDate: [2023-04-20]
2024-04-13 23:43:29.275 [main] INFO  p.i.o.s.ConstantAmountsCalculationServiceImpl:92 - residualAmount: [5319.02]
2024-04-13 23:43:29.275 [main] INFO  p.i.o.s.ConstantAmountsCalculationServiceImpl:97 - interestAmount: [92.99]
2024-04-13 23:43:29.275 [main] INFO  p.i.o.s.ConstantAmountsCalculationServiceImpl:100 - referenceAmount: [8354.07]
2024-04-13 23:43:29.275 [main] INFO  p.i.o.s.ConstantAmountsCalculationServiceImpl:103 - referenceDuration: [13]
2024-04-13 23:43:29.275 [main] INFO  p.i.o.s.ConstantAmountsCalculationServiceImpl:108 - installmentAmountWithoutCommission: [723.99]
2024-04-13 23:43:29.275 [main] INFO  p.i.o.s.ConstantAmountsCalculationServiceImpl:112 - capitalAmount: [631.00]
2024-04-13 23:43:29.275 [main] INFO  p.i.o.s.ConstantAmountsCalculationServiceImpl:115 - commissionAmount: [0.0]
2024-04-13 23:43:29.275 [main] INFO  p.i.o.s.ConstantAmountsCalculationServiceImpl:120 - installmentAmount: [723.99]
2024-04-13 23:43:29.275 [main] INFO  p.i.o.s.ConstantAmountsCalculationServiceImpl:122 - Calculated installment: [6], residualAmount: [5319.02], interestAmount: [92.99], capitalAmount: [631.00], installmentAmount: [723.99], commissionAmount: [0.0], referenceAmount: [8354.07], referenceDuration: [13], WIBOR: [0.1099]
2024-04-13 23:43:29.275 [main] INFO  p.i.o.s.ConstantAmountsCalculationServiceImpl:72 - CurrentInstallmentNumber: [7]
2024-04-13 23:43:29.275 [main] INFO  p.i.o.s.ConstantAmountsCalculationServiceImpl:75 - WiborPercent: [0.1099]
2024-04-13 23:43:29.275 [main] INFO  p.i.o.s.ConstantAmountsCalculationServiceImpl:78 - interestPercent: [0.2098]
2024-04-13 23:43:29.275 [main] INFO  p.i.o.s.ConstantAmountsCalculationServiceImpl:81 - q: [1.0174833333]
2024-04-13 23:43:29.275 [main] INFO  p.i.o.s.ConstantAmountsCalculationServiceImpl:85 - residualAmount: [4688.02]
2024-04-13 23:43:29.275 [main] INFO  p.i.o.s.ConstantAmountsCalculationServiceImpl:89 - previousPaymentDate: [2023-05-20]
2024-04-13 23:43:29.275 [main] INFO  p.i.o.s.ConstantAmountsCalculationServiceImpl:92 - residualAmount: [4688.02]
2024-04-13 23:43:29.275 [main] INFO  p.i.o.s.ConstantAmountsCalculationServiceImpl:97 - interestAmount: [84.69]
2024-04-13 23:43:29.275 [main] INFO  p.i.o.s.ConstantAmountsCalculationServiceImpl:100 - referenceAmount: [8354.07]
2024-04-13 23:43:29.275 [main] INFO  p.i.o.s.ConstantAmountsCalculationServiceImpl:103 - referenceDuration: [13]
2024-04-13 23:43:29.275 [main] INFO  p.i.o.s.ConstantAmountsCalculationServiceImpl:108 - installmentAmountWithoutCommission: [723.99]
2024-04-13 23:43:29.275 [main] INFO  p.i.o.s.ConstantAmountsCalculationServiceImpl:112 - capitalAmount: [639.30]
2024-04-13 23:43:29.275 [main] INFO  p.i.o.s.ConstantAmountsCalculationServiceImpl:115 - commissionAmount: [0.0]
2024-04-13 23:43:29.275 [main] INFO  p.i.o.s.ConstantAmountsCalculationServiceImpl:120 - installmentAmount: [723.99]
2024-04-13 23:43:29.275 [main] INFO  p.i.o.s.ConstantAmountsCalculationServiceImpl:122 - Calculated installment: [7], residualAmount: [4688.02], interestAmount: [84.69], capitalAmount: [639.30], installmentAmount: [723.99], commissionAmount: [0.0], referenceAmount: [8354.07], referenceDuration: [13], WIBOR: [0.1099]
2024-04-13 23:43:29.275 [main] INFO  p.i.o.s.ConstantAmountsCalculationServiceImpl:72 - CurrentInstallmentNumber: [8]
2024-04-13 23:43:29.275 [main] INFO  p.i.o.s.ConstantAmountsCalculationServiceImpl:75 - WiborPercent: [0.1099]
2024-04-13 23:43:29.275 [main] INFO  p.i.o.s.ConstantAmountsCalculationServiceImpl:78 - interestPercent: [0.2098]
2024-04-13 23:43:29.275 [main] INFO  p.i.o.s.ConstantAmountsCalculationServiceImpl:81 - q: [1.0174833333]
2024-04-13 23:43:29.275 [main] INFO  p.i.o.s.ConstantAmountsCalculationServiceImpl:85 - residualAmount: [4048.72]
2024-04-13 23:43:29.275 [main] INFO  p.i.o.s.ConstantAmountsCalculationServiceImpl:89 - previousPaymentDate: [2023-06-20]
2024-04-13 23:43:29.275 [main] INFO  p.i.o.s.ConstantAmountsCalculationServiceImpl:92 - residualAmount: [4048.72]
2024-04-13 23:43:29.291 [main] INFO  p.i.o.s.ConstantAmountsCalculationServiceImpl:97 - interestAmount: [70.79]
2024-04-13 23:43:29.291 [main] INFO  p.i.o.s.ConstantAmountsCalculationServiceImpl:100 - referenceAmount: [8354.07]
2024-04-13 23:43:29.291 [main] INFO  p.i.o.s.ConstantAmountsCalculationServiceImpl:103 - referenceDuration: [13]
2024-04-13 23:43:29.291 [main] INFO  p.i.o.s.ConstantAmountsCalculationServiceImpl:108 - installmentAmountWithoutCommission: [723.99]
2024-04-13 23:43:29.291 [main] INFO  p.i.o.s.ConstantAmountsCalculationServiceImpl:112 - capitalAmount: [653.20]
2024-04-13 23:43:29.291 [main] INFO  p.i.o.s.ConstantAmountsCalculationServiceImpl:115 - commissionAmount: [0.0]
2024-04-13 23:43:29.291 [main] INFO  p.i.o.s.ConstantAmountsCalculationServiceImpl:120 - installmentAmount: [723.99]
2024-04-13 23:43:29.291 [main] INFO  p.i.o.s.ConstantAmountsCalculationServiceImpl:122 - Calculated installment: [8], residualAmount: [4048.72], interestAmount: [70.79], capitalAmount: [653.20], installmentAmount: [723.99], commissionAmount: [0.0], referenceAmount: [8354.07], referenceDuration: [13], WIBOR: [0.1099]
2024-04-13 23:43:29.291 [main] INFO  p.i.o.s.ConstantAmountsCalculationServiceImpl:72 - CurrentInstallmentNumber: [9]
2024-04-13 23:43:29.291 [main] INFO  p.i.o.s.ConstantAmountsCalculationServiceImpl:75 - WiborPercent: [0.1099]
2024-04-13 23:43:29.291 [main] INFO  p.i.o.s.ConstantAmountsCalculationServiceImpl:78 - interestPercent: [0.2098]
2024-04-13 23:43:29.291 [main] INFO  p.i.o.s.ConstantAmountsCalculationServiceImpl:81 - q: [1.0174833333]
2024-04-13 23:43:29.291 [main] INFO  p.i.o.s.ConstantAmountsCalculationServiceImpl:85 - residualAmount: [3195.52]
2024-04-13 23:43:29.291 [main] INFO  p.i.o.s.ConstantAmountsCalculationServiceImpl:89 - previousPaymentDate: [2023-07-20]
2024-04-13 23:43:29.291 [main] INFO  p.i.o.s.ConstantAmountsCalculationServiceImpl:92 - residualAmount: [3195.52]
2024-04-13 23:43:29.291 [main] INFO  p.i.o.s.ConstantAmountsCalculationServiceImpl:97 - interestAmount: [57.73]
2024-04-13 23:43:29.291 [main] INFO  p.i.o.s.ConstantAmountsCalculationServiceImpl:100 - referenceAmount: [8354.07]
2024-04-13 23:43:29.291 [main] INFO  p.i.o.s.ConstantAmountsCalculationServiceImpl:103 - referenceDuration: [13]
2024-04-13 23:43:29.291 [main] INFO  p.i.o.s.ConstantAmountsCalculationServiceImpl:108 - installmentAmountWithoutCommission: [723.99]
2024-04-13 23:43:29.291 [main] INFO  p.i.o.s.ConstantAmountsCalculationServiceImpl:112 - capitalAmount: [666.26]
2024-04-13 23:43:29.291 [main] INFO  p.i.o.s.ConstantAmountsCalculationServiceImpl:115 - commissionAmount: [0.0]
2024-04-13 23:43:29.291 [main] INFO  p.i.o.s.ConstantAmountsCalculationServiceImpl:120 - installmentAmount: [723.99]
2024-04-13 23:43:29.291 [main] INFO  p.i.o.s.ConstantAmountsCalculationServiceImpl:122 - Calculated installment: [9], residualAmount: [3195.52], interestAmount: [57.73], capitalAmount: [666.26], installmentAmount: [723.99], commissionAmount: [0.0], referenceAmount: [8354.07], referenceDuration: [13], WIBOR: [0.1099]
2024-04-13 23:43:29.291 [main] INFO  p.i.o.s.ConstantAmountsCalculationServiceImpl:72 - CurrentInstallmentNumber: [10]
2024-04-13 23:43:29.291 [main] INFO  p.i.o.s.ConstantAmountsCalculationServiceImpl:75 - WiborPercent: [0.1099]
2024-04-13 23:43:29.291 [main] INFO  p.i.o.s.ConstantAmountsCalculationServiceImpl:78 - interestPercent: [0.2098]
2024-04-13 23:43:29.291 [main] INFO  p.i.o.s.ConstantAmountsCalculationServiceImpl:81 - q: [1.0174833333]
2024-04-13 23:43:29.291 [main] INFO  p.i.o.s.ConstantAmountsCalculationServiceImpl:85 - residualAmount: [2529.26]
2024-04-13 23:43:29.291 [main] INFO  p.i.o.s.ConstantAmountsCalculationServiceImpl:89 - previousPaymentDate: [2023-08-20]
2024-04-13 23:43:29.291 [main] INFO  p.i.o.s.ConstantAmountsCalculationServiceImpl:92 - residualAmount: [2529.26]
2024-04-13 23:43:29.291 [main] INFO  p.i.o.s.ConstantAmountsCalculationServiceImpl:97 - interestAmount: [45.69]
2024-04-13 23:43:29.291 [main] INFO  p.i.o.s.ConstantAmountsCalculationServiceImpl:100 - referenceAmount: [8354.07]
2024-04-13 23:43:29.291 [main] INFO  p.i.o.s.ConstantAmountsCalculationServiceImpl:103 - referenceDuration: [13]
2024-04-13 23:43:29.291 [main] INFO  p.i.o.s.ConstantAmountsCalculationServiceImpl:108 - installmentAmountWithoutCommission: [723.99]
2024-04-13 23:43:29.291 [main] INFO  p.i.o.s.ConstantAmountsCalculationServiceImpl:112 - capitalAmount: [678.30]
2024-04-13 23:43:29.291 [main] INFO  p.i.o.s.ConstantAmountsCalculationServiceImpl:115 - commissionAmount: [0.0]
2024-04-13 23:43:29.291 [main] INFO  p.i.o.s.ConstantAmountsCalculationServiceImpl:120 - installmentAmount: [723.99]
2024-04-13 23:43:29.291 [main] INFO  p.i.o.s.ConstantAmountsCalculationServiceImpl:122 - Calculated installment: [10], residualAmount: [2529.26], interestAmount: [45.69], capitalAmount: [678.30], installmentAmount: [723.99], commissionAmount: [0.0], referenceAmount: [8354.07], referenceDuration: [13], WIBOR: [0.1099]
2024-04-13 23:43:29.291 [main] INFO  p.i.o.s.ConstantAmountsCalculationServiceImpl:72 - CurrentInstallmentNumber: [11]
2024-04-13 23:43:29.291 [main] INFO  p.i.o.s.ConstantAmountsCalculationServiceImpl:75 - WiborPercent: [0.1099]
2024-04-13 23:43:29.291 [main] INFO  p.i.o.s.ConstantAmountsCalculationServiceImpl:78 - interestPercent: [0.2098]
2024-04-13 23:43:29.291 [main] INFO  p.i.o.s.ConstantAmountsCalculationServiceImpl:81 - q: [1.0174833333]
2024-04-13 23:43:29.291 [main] INFO  p.i.o.s.ConstantAmountsCalculationServiceImpl:85 - residualAmount: [1850.96]
2024-04-13 23:43:29.291 [main] INFO  p.i.o.s.ConstantAmountsCalculationServiceImpl:89 - previousPaymentDate: [2023-09-20]
2024-04-13 23:43:29.291 [main] INFO  p.i.o.s.ConstantAmountsCalculationServiceImpl:92 - residualAmount: [1850.96]
2024-04-13 23:43:29.291 [main] INFO  p.i.o.s.ConstantAmountsCalculationServiceImpl:97 - interestAmount: [32.36]
2024-04-13 23:43:29.291 [main] INFO  p.i.o.s.ConstantAmountsCalculationServiceImpl:100 - referenceAmount: [8354.07]
2024-04-13 23:43:29.291 [main] INFO  p.i.o.s.ConstantAmountsCalculationServiceImpl:103 - referenceDuration: [13]
2024-04-13 23:43:29.291 [main] INFO  p.i.o.s.ConstantAmountsCalculationServiceImpl:108 - installmentAmountWithoutCommission: [723.99]
2024-04-13 23:43:29.291 [main] INFO  p.i.o.s.ConstantAmountsCalculationServiceImpl:112 - capitalAmount: [691.63]
2024-04-13 23:43:29.291 [main] INFO  p.i.o.s.ConstantAmountsCalculationServiceImpl:115 - commissionAmount: [0.0]
2024-04-13 23:43:29.291 [main] INFO  p.i.o.s.ConstantAmountsCalculationServiceImpl:120 - installmentAmount: [723.99]
2024-04-13 23:43:29.291 [main] INFO  p.i.o.s.ConstantAmountsCalculationServiceImpl:122 - Calculated installment: [11], residualAmount: [1850.96], interestAmount: [32.36], capitalAmount: [691.63], installmentAmount: [723.99], commissionAmount: [0.0], referenceAmount: [8354.07], referenceDuration: [13], WIBOR: [0.1099]
2024-04-13 23:43:29.291 [main] INFO  p.i.o.s.ConstantAmountsCalculationServiceImpl:72 - CurrentInstallmentNumber: [12]
2024-04-13 23:43:29.291 [main] INFO  p.i.o.s.ConstantAmountsCalculationServiceImpl:75 - WiborPercent: [0.1099]
2024-04-13 23:43:29.291 [main] INFO  p.i.o.s.ConstantAmountsCalculationServiceImpl:78 - interestPercent: [0.2098]
2024-04-13 23:43:29.291 [main] INFO  p.i.o.s.ConstantAmountsCalculationServiceImpl:81 - q: [1.0174833333]
2024-04-13 23:43:29.291 [main] INFO  p.i.o.s.ConstantAmountsCalculationServiceImpl:85 - residualAmount: [1159.33]
2024-04-13 23:43:29.291 [main] INFO  p.i.o.s.ConstantAmountsCalculationServiceImpl:89 - previousPaymentDate: [2023-10-20]
2024-04-13 23:43:29.291 [main] INFO  p.i.o.s.ConstantAmountsCalculationServiceImpl:92 - residualAmount: [1159.33]
2024-04-13 23:43:29.291 [main] INFO  p.i.o.s.ConstantAmountsCalculationServiceImpl:97 - interestAmount: [20.94]
2024-04-13 23:43:29.291 [main] INFO  p.i.o.s.ConstantAmountsCalculationServiceImpl:100 - referenceAmount: [8354.07]
2024-04-13 23:43:29.291 [main] INFO  p.i.o.s.ConstantAmountsCalculationServiceImpl:103 - referenceDuration: [13]
2024-04-13 23:43:29.291 [main] INFO  p.i.o.s.ConstantAmountsCalculationServiceImpl:108 - installmentAmountWithoutCommission: [723.99]
2024-04-13 23:43:29.291 [main] INFO  p.i.o.s.ConstantAmountsCalculationServiceImpl:112 - capitalAmount: [703.05]
2024-04-13 23:43:29.291 [main] INFO  p.i.o.s.ConstantAmountsCalculationServiceImpl:115 - commissionAmount: [0.0]
2024-04-13 23:43:29.291 [main] INFO  p.i.o.s.ConstantAmountsCalculationServiceImpl:120 - installmentAmount: [723.99]
2024-04-13 23:43:29.291 [main] INFO  p.i.o.s.ConstantAmountsCalculationServiceImpl:122 - Calculated installment: [12], residualAmount: [1159.33], interestAmount: [20.94], capitalAmount: [703.05], installmentAmount: [723.99], commissionAmount: [0.0], referenceAmount: [8354.07], referenceDuration: [13], WIBOR: [0.1099]
2024-04-13 23:43:29.291 [main] INFO  p.i.o.s.ConstantAmountsCalculationServiceImpl:72 - CurrentInstallmentNumber: [13]
2024-04-13 23:43:29.291 [main] INFO  p.i.o.s.ConstantAmountsCalculationServiceImpl:75 - WiborPercent: [0.1099]
2024-04-13 23:43:29.291 [main] INFO  p.i.o.s.ConstantAmountsCalculationServiceImpl:78 - interestPercent: [0.2098]
2024-04-13 23:43:29.291 [main] INFO  p.i.o.s.ConstantAmountsCalculationServiceImpl:81 - q: [1.0174833333]
2024-04-13 23:43:29.291 [main] INFO  p.i.o.s.ConstantAmountsCalculationServiceImpl:85 - residualAmount: [456.28]
2024-04-13 23:43:29.291 [main] INFO  p.i.o.s.ConstantAmountsCalculationServiceImpl:89 - previousPaymentDate: [2023-11-20]
2024-04-13 23:43:29.291 [main] INFO  p.i.o.s.ConstantAmountsCalculationServiceImpl:92 - residualAmount: [456.28]
2024-04-13 23:43:29.291 [main] INFO  p.i.o.s.ConstantAmountsCalculationServiceImpl:97 - interestAmount: [7.98]
2024-04-13 23:43:29.291 [main] INFO  p.i.o.s.ConstantAmountsCalculationServiceImpl:100 - referenceAmount: [8354.07]
2024-04-13 23:43:29.291 [main] INFO  p.i.o.s.ConstantAmountsCalculationServiceImpl:103 - referenceDuration: [13]
2024-04-13 23:43:29.291 [main] INFO  p.i.o.s.ConstantAmountsCalculationServiceImpl:108 - installmentAmountWithoutCommission: [464.26]
2024-04-13 23:43:29.291 [main] INFO  p.i.o.s.ConstantAmountsCalculationServiceImpl:112 - capitalAmount: [456.28]
2024-04-13 23:43:29.291 [main] INFO  p.i.o.s.ConstantAmountsCalculationServiceImpl:115 - commissionAmount: [0.0]
2024-04-13 23:43:29.291 [main] INFO  p.i.o.s.ConstantAmountsCalculationServiceImpl:120 - installmentAmount: [464.26]
2024-04-13 23:43:29.291 [main] INFO  p.i.o.s.ConstantAmountsCalculationServiceImpl:122 - Calculated installment: [13], residualAmount: [456.28], interestAmount: [7.98], capitalAmount: [456.28], installmentAmount: [464.26], commissionAmount: [0.0], referenceAmount: [8354.07], referenceDuration: [13], WIBOR: [0.1099]
2024-04-13 23:43:29.291 [main] INFO  p.i.o.s.CalculationServiceImpl:37 - Installments calculation end. Calculated: [13] installments
2024-04-13 23:43:29.307 [main] INFO  p.i.o.s.CalculationServiceImpl:42 - Calculation finished successfully
